Warning: vmap will not overwrite local modelsim.ini.
Warning: Library already exists at "work-msim".
DEBUG: modelsim_pfx: testing: /opt/ModelSim101/modeltech/bin/
DEBUG: try_set: altera_sim_lib: True: /home/ece327/altera
DEBUG: default_board: DE2
Model Technology ModelSim SE-64 vcom 10.1 Compiler 2011.12 Dec  5 2011
Model Technology ModelSim SE-64 vcom 10.1 Compiler 2011.12 Dec  5 2011
-- Loading package STANDARD
-- Loading package STANDARD
-- Loading package TEXTIO
-- Loading package TEXTIO
-- Loading package std_logic_1164
-- Loading package std_logic_1164
-- Loading package NUMERIC_STD
-- Loading package NUMERIC_STD
-- Compiling entity mem
-- Compiling entity mem
-- Compiling architecture main of mem
-- Compiling architecture main of mem
-- Compiling package kirsch_synth_pkg
-- Compiling package kirsch_synth_pkg
-- Compiling package body kirsch_synth_pkg
-- Compiling package body kirsch_synth_pkg
-- Loading package kirsch_synth_pkg
-- Loading package kirsch_synth_pkg
-- Compiling entity max8
-- Compiling entity max8
-- Compiling architecture main of max8
-- Compiling architecture main of max8
-- Compiling entity max10
-- Compiling entity max10
-- Compiling architecture main of max10
-- Compiling architecture main of max10
-- Compiling entity kirsch
-- Compiling entity kirsch
-- Compiling architecture main of kirsch
-- Compiling architecture main of kirsch
-- Loading entity max8
-- Loading entity max8
-- Loading entity max10
-- Loading entity max10
-- Loading entity mem
-- Loading entity mem
** Error: kirsch.vhd(237): Ambiguous type in infix expression; tempBuffer or ieee.std_logic_1164.STD_LOGIC_VECTOR.
** Error: kirsch.vhd(237): Ambiguous type in infix expression; tempBuffer or ieee.std_logic_1164.STD_LOGIC_VECTOR.
** Error: kirsch.vhd(237): Illegal type conversion to ieee.NUMERIC_STD.UNSIGNED (operand type is not known).
** Error: kirsch.vhd(237): Illegal type conversion to ieee.NUMERIC_STD.UNSIGNED (operand type is not known).
** Error: kirsch.vhd(238): Ambiguous type in infix expression; tempBuffer or ieee.std_logic_1164.STD_LOGIC_VECTOR.
** Error: kirsch.vhd(238): Ambiguous type in infix expression; tempBuffer or ieee.std_logic_1164.STD_LOGIC_VECTOR.
** Error: kirsch.vhd(238): Illegal type conversion to ieee.NUMERIC_STD.UNSIGNED (operand type is not known).
** Error: kirsch.vhd(238): Illegal type conversion to ieee.NUMERIC_STD.UNSIGNED (operand type is not known).
** Error: kirsch.vhd(239): Ambiguous type in infix expression; tempBuffer or ieee.std_logic_1164.STD_LOGIC_VECTOR.
** Error: kirsch.vhd(239): Ambiguous type in infix expression; tempBuffer or ieee.std_logic_1164.STD_LOGIC_VECTOR.
** Error: kirsch.vhd(239): Illegal type conversion to ieee.NUMERIC_STD.UNSIGNED (operand type is not known).
** Error: kirsch.vhd(239): Illegal type conversion to ieee.NUMERIC_STD.UNSIGNED (operand type is not known).
** Error: kirsch.vhd(240): Ambiguous type in infix expression; tempBuffer or ieee.std_logic_1164.STD_LOGIC_VECTOR.
** Error: kirsch.vhd(240): Ambiguous type in infix expression; tempBuffer or ieee.std_logic_1164.STD_LOGIC_VECTOR.
** Error: kirsch.vhd(240): Illegal type conversion to ieee.NUMERIC_STD.UNSIGNED (operand type is not known).
** Error: kirsch.vhd(240): Illegal type conversion to ieee.NUMERIC_STD.UNSIGNED (operand type is not known).
** Error: kirsch.vhd(260): Ambiguous type in infix expression; tempBuffer or ieee.std_logic_1164.STD_LOGIC_VECTOR.
** Error: kirsch.vhd(260): Ambiguous type in infix expression; tempBuffer or ieee.std_logic_1164.STD_LOGIC_VECTOR.
** Error: kirsch.vhd(260): Illegal type conversion to ieee.NUMERIC_STD.UNSIGNED (operand type is not known).
** Error: kirsch.vhd(260): Illegal type conversion to ieee.NUMERIC_STD.UNSIGNED (operand type is not known).
** Error: kirsch.vhd(261): Ambiguous type in infix expression; tempBuffer or ieee.std_logic_1164.STD_LOGIC_VECTOR.
** Error: kirsch.vhd(261): Ambiguous type in infix expression; tempBuffer or ieee.std_logic_1164.STD_LOGIC_VECTOR.
** Error: kirsch.vhd(261): Illegal type conversion to ieee.NUMERIC_STD.UNSIGNED (operand type is not known).
** Error: kirsch.vhd(261): Illegal type conversion to ieee.NUMERIC_STD.UNSIGNED (operand type is not known).
** Error: kirsch.vhd(262): Ambiguous type in infix expression; tempBuffer or ieee.std_logic_1164.STD_LOGIC_VECTOR.
** Error: kirsch.vhd(262): Ambiguous type in infix expression; tempBuffer or ieee.std_logic_1164.STD_LOGIC_VECTOR.
** Error: kirsch.vhd(262): Illegal type conversion to ieee.NUMERIC_STD.UNSIGNED (operand type is not known).
** Error: kirsch.vhd(262): Illegal type conversion to ieee.NUMERIC_STD.UNSIGNED (operand type is not known).
** Error: kirsch.vhd(263): Ambiguous type in infix expression; tempBuffer or ieee.std_logic_1164.STD_LOGIC_VECTOR.
** Error: kirsch.vhd(263): Ambiguous type in infix expression; tempBuffer or ieee.std_logic_1164.STD_LOGIC_VECTOR.
** Error: kirsch.vhd(263): Illegal type conversion to ieee.NUMERIC_STD.UNSIGNED (operand type is not known).
** Error: kirsch.vhd(263): Illegal type conversion to ieee.NUMERIC_STD.UNSIGNED (operand type is not known).
** Error: kirsch.vhd(266): Ambiguous type in infix expression; tempBuffer or ieee.std_logic_1164.STD_LOGIC_VECTOR.
** Error: kirsch.vhd(266): Ambiguous type in infix expression; tempBuffer or ieee.std_logic_1164.STD_LOGIC_VECTOR.
** Error: kirsch.vhd(266): Illegal type conversion to ieee.NUMERIC_STD.UNSIGNED (operand type is not known).
** Error: kirsch.vhd(266): Illegal type conversion to ieee.NUMERIC_STD.UNSIGNED (operand type is not known).
** Error: kirsch.vhd(268): Ambiguous type in infix expression; tempBuffer or ieee.std_logic_1164.STD_LOGIC_VECTOR.
** Error: kirsch.vhd(268): Ambiguous type in infix expression; tempBuffer or ieee.std_logic_1164.STD_LOGIC_VECTOR.
** Error: kirsch.vhd(268): Illegal type conversion to ieee.NUMERIC_STD.UNSIGNED (operand type is not known).
** Error: kirsch.vhd(268): Illegal type conversion to ieee.NUMERIC_STD.UNSIGNED (operand type is not known).
** Error: kirsch.vhd(270): Ambiguous type in infix expression; tempBuffer or ieee.std_logic_1164.STD_LOGIC_VECTOR.
** Error: kirsch.vhd(270): Ambiguous type in infix expression; tempBuffer or ieee.std_logic_1164.STD_LOGIC_VECTOR.
** Error: kirsch.vhd(270): Illegal type conversion to ieee.NUMERIC_STD.UNSIGNED (operand type is not known).
** Error: kirsch.vhd(270): Illegal type conversion to ieee.NUMERIC_STD.UNSIGNED (operand type is not known).
** Error: kirsch.vhd(271): Ambiguous type in infix expression; tempBuffer or ieee.std_logic_1164.STD_LOGIC_VECTOR.
** Error: kirsch.vhd(271): Ambiguous type in infix expression; tempBuffer or ieee.std_logic_1164.STD_LOGIC_VECTOR.
** Error: kirsch.vhd(271): Illegal type conversion to ieee.NUMERIC_STD.UNSIGNED (operand type is not known).
** Error: kirsch.vhd(271): Illegal type conversion to ieee.NUMERIC_STD.UNSIGNED (operand type is not known).
** Error: kirsch.vhd(272): Ambiguous type in infix expression; tempBuffer or ieee.std_logic_1164.STD_LOGIC_VECTOR.
** Error: kirsch.vhd(272): Ambiguous type in infix expression; tempBuffer or ieee.std_logic_1164.STD_LOGIC_VECTOR.
** Error: kirsch.vhd(272): Illegal type conversion to ieee.NUMERIC_STD.UNSIGNED (operand type is not known).
** Error: kirsch.vhd(272): Illegal type conversion to ieee.NUMERIC_STD.UNSIGNED (operand type is not known).
** Error: kirsch.vhd(275): Ambiguous type in infix expression; tempBuffer or ieee.std_logic_1164.STD_LOGIC_VECTOR.
** Error: kirsch.vhd(275): Ambiguous type in infix expression; tempBuffer or ieee.std_logic_1164.STD_LOGIC_VECTOR.
** Error: kirsch.vhd(275): Illegal type conversion to ieee.NUMERIC_STD.UNSIGNED (operand type is not known).
** Error: kirsch.vhd(275): Illegal type conversion to ieee.NUMERIC_STD.UNSIGNED (operand type is not known).
** Error: kirsch.vhd(276): Ambiguous type in infix expression; tempBuffer or ieee.std_logic_1164.STD_LOGIC_VECTOR.
** Error: kirsch.vhd(276): Ambiguous type in infix expression; tempBuffer or ieee.std_logic_1164.STD_LOGIC_VECTOR.
** Error: kirsch.vhd(276): Illegal type conversion to ieee.NUMERIC_STD.UNSIGNED (operand type is not known).
** Error: kirsch.vhd(276): Illegal type conversion to ieee.NUMERIC_STD.UNSIGNED (operand type is not known).
** Error: kirsch.vhd(277): Ambiguous type in infix expression; tempBuffer or ieee.std_logic_1164.STD_LOGIC_VECTOR.
** Error: kirsch.vhd(277): Ambiguous type in infix expression; tempBuffer or ieee.std_logic_1164.STD_LOGIC_VECTOR.
** Error: kirsch.vhd(277): Illegal type conversion to ieee.NUMERIC_STD.UNSIGNED (operand type is not known).
** Error: kirsch.vhd(277): Illegal type conversion to ieee.NUMERIC_STD.UNSIGNED (operand type is not known).
** Error: kirsch.vhd(419): VHDL Compiler exiting
** Error: kirsch.vhd(419): VHDL Compiler exiting
  ERROR: Failure when running `vcom -93 +acc -work work-msim mem.vhd kirsch_synth_pkg.vhd kirsch.vhd string_pkg.vhd kirsch_synth_pkg.vhd kirsch_unsynth_pkg.vhd kirsch_tb.vhd'
 ERROR: Failure when running `uw-msim-com  mem.vhd kirsch_synth_pkg.vhd kirsch.vhd string_pkg.vhd kirsch_synth_pkg.vhd kirsch_unsynth_pkg.vhd kirsch_tb.vhd'
