uw-sim /home/ece327/bin/uw-sim kirsch.uwp
INFO: Using testbench        : kirsch_tb
INFO: Using design entity    : kirsch
INFO: Using simulation script: kirsch_tb.sim
** Warning: vmap will not overwrite local modelsim.ini.
 ** Warning: (vlib-34) Library already exists at "work-msim".
 DEBUG: modelsim_pfx: testing: /opt/ModelSim101/modeltech/bin/
DEBUG: try_set: altera_sim_lib: True: /home/ece327/altera
DEBUG: default_board: DE2
Model Technology ModelSim SE-64 vcom 10.1 Compiler 2011.12 Dec  5 2011
Model Technology ModelSim SE-64 vcom 10.1 Compiler 2011.12 Dec  5 2011
-- Loading package STANDARD
-- Loading package STANDARD
-- Loading package TEXTIO
-- Loading package TEXTIO
-- Loading package std_logic_1164
-- Loading package std_logic_1164
-- Loading package NUMERIC_STD
-- Loading package NUMERIC_STD
-- Compiling entity mem
-- Compiling entity mem
-- Compiling architecture main of mem
-- Compiling architecture main of mem
-- Compiling package kirsch_synth_pkg
-- Compiling package kirsch_synth_pkg
-- Compiling package body kirsch_synth_pkg
-- Compiling package body kirsch_synth_pkg
-- Loading package kirsch_synth_pkg
-- Loading package kirsch_synth_pkg
-- Compiling entity max8
-- Compiling entity max8
-- Compiling architecture main of max8
-- Compiling architecture main of max8
-- Compiling entity max10
-- Compiling entity max10
** Error: kirsch.vhd(35): (vcom-1136) Unknown identifier "unsigned".
** Error: kirsch.vhd(35): (vcom-1136) Unknown identifier "unsigned".
** Error: kirsch.vhd(36): (vcom-1136) Unknown identifier "unsigned".
** Error: kirsch.vhd(36): (vcom-1136) Unknown identifier "unsigned".
** Error: kirsch.vhd(37): (vcom-1136) Unknown identifier "unsigned".
** Error: kirsch.vhd(37): (vcom-1136) Unknown identifier "unsigned".
** Error: kirsch.vhd(38): (vcom-1136) Unknown identifier "std_logic".
** Error: kirsch.vhd(38): (vcom-1136) Unknown identifier "std_logic".
** Error: kirsch.vhd(40): VHDL Compiler exiting
** Error: kirsch.vhd(40): VHDL Compiler exiting
  ERROR: Failure when running `vcom -93 +acc -work work-msim mem.vhd kirsch_synth_pkg.vhd kirsch.vhd string_pkg.vhd kirsch_synth_pkg.vhd kirsch_unsynth_pkg.vhd kirsch_tb.vhd'
 ERROR: Failure when running `uw-msim-com  mem.vhd kirsch_synth_pkg.vhd kirsch.vhd string_pkg.vhd kirsch_synth_pkg.vhd kirsch_unsynth_pkg.vhd kirsch_tb.vhd'
